build/app/intermediates/manifest_merge_blame_file/release/manifest-merger-blame-release-report.txt
1<?xml version="1.0" encoding="utf-8"?>
2<manifest xmlns:android="http://schemas.android.com/apk/res/android"
3    package="com.bigxia.thumbsir"
4    android:versionCode="1"
5    android:versionName="1.0.0" >
6
7    <uses-sdk
8        android:minSdkVersion="16"
8-->src/main/AndroidManifest.xml
9        android:targetSdkVersion="28" />
9-->src/main/AndroidManifest.xml
10    <!-- 这个权限用于进行网络定位 -->
11    <uses-permission android:name="android.permission.ACCESS_COARSE_LOCATION" /> <!-- 这个权限用于访问GPS定位 -->
11-->[:flutter_bmflocation] AndroidManifest.xml:7:5-81
11-->[:flutter_bmflocation] AndroidManifest.xml:7:22-78
12    <uses-permission android:name="android.permission.ACCESS_FINE_LOCATION" /> <!-- 用于访问wifi网络信息，wifi信息会用于进行网络定位 -->
12-->[:flutter_bmflocation] AndroidManifest.xml:9:5-79
12-->[:flutter_bmflocation] AndroidManifest.xml:9:22-76
13    <uses-permission android:name="android.permission.ACCESS_WIFI_STATE" /> <!-- 获取运营商信息，用于支持提供运营商信息相关的接口 -->
13-->[:flutter_bmflocation] AndroidManifest.xml:11:5-76
13-->[:flutter_bmflocation] AndroidManifest.xml:11:22-73
14    <uses-permission android:name="android.permission.ACCESS_NETWORK_STATE" /> <!-- 这个权限用于获取wifi的获取权限，wifi信息会用来进行网络定位 -->
14-->[:flutter_bmflocation] AndroidManifest.xml:13:5-79
14-->[:flutter_bmflocation] AndroidManifest.xml:13:22-76
15    <uses-permission android:name="android.permission.CHANGE_WIFI_STATE" /> <!-- 用于读取手机当前的状态 -->
15-->[:flutter_bmflocation] AndroidManifest.xml:15:5-76
15-->[:flutter_bmflocation] AndroidManifest.xml:15:22-73
16    <uses-permission android:name="android.permission.READ_PHONE_STATE" /> <!-- 写入扩展存储，向扩展卡写入数据，用于写入离线定位数据 -->
16-->[:flutter_bmflocation] AndroidManifest.xml:17:5-75
16-->[:flutter_bmflocation] AndroidManifest.xml:17:22-72
17    <uses-permission android:name="android.permission.WRITE_EXTERNAL_STORAGE" /> <!-- 访问网络，网络定位需要上网 -->
17-->[:flutter_bmflocation] AndroidManifest.xml:19:5-81
17-->[:flutter_bmflocation] AndroidManifest.xml:19:22-78
18    <uses-permission android:name="android.permission.INTERNET" /> <!-- 读取系统信息，包含系统版本等信息，用作统计 -->
18-->[:flutter_bmflocation] AndroidManifest.xml:21:5-67
18-->[:flutter_bmflocation] AndroidManifest.xml:21:22-64
19    <uses-permission android:name="com.android.launcher.permission.READ_SETTINGS" /> <!-- 程序在手机屏幕关闭后后台进程仍然运行 -->
19-->[:flutter_bmflocation] AndroidManifest.xml:24:5-85
19-->[:flutter_bmflocation] AndroidManifest.xml:24:22-82
20    <uses-permission android:name="android.permission.WAKE_LOCK" />
20-->[:flutter_bmflocation] AndroidManifest.xml:26:5-68
20-->[:flutter_bmflocation] AndroidManifest.xml:26:22-65
21    <uses-permission android:name="android.permission.READ_EXTERNAL_STORAGE" />
22    <!--
23 io.flutter.app.FlutterApplication is an android.app.Application that
24         calls FlutterMain.startInitialization(this); in its onCreate method.
25         In most cases you can leave this as-is, but you if you want to provide
26         additional functionality it is fine to subclass or reimplement
27         FlutterApplication and put your custom class here.
28    -->
29    <application
29-->src/main/AndroidManifest.xml:8:5-30:19
30        android:name="io.flutter.app.FlutterApplication"
30-->src/main/AndroidManifest.xml:9:9-57
31        android:appComponentFactory="androidx.core.app.CoreComponentFactory"
31-->[androidx.core:core:1.1.0] AndroidManifest.xml:24:18-86
32        android:icon="@mipmap/ic_launcher"
32-->src/main/AndroidManifest.xml:11:9-43
33        android:label="拇指先生" >
33-->src/main/AndroidManifest.xml:10:9-29
34        <activity
34-->src/main/AndroidManifest.xml:12:9-23:20
35            android:name="com.bigxia.thumbsir.MainActivity"
35-->src/main/AndroidManifest.xml:13:13-41
36            android:configChanges="orientation|keyboardHidden|keyboard|screenSize|smallestScreenSize|locale|layoutDirection|fontScale|screenLayout|density|uiMode"
36-->src/main/AndroidManifest.xml:16:13-163
37            android:hardwareAccelerated="true"
37-->src/main/AndroidManifest.xml:17:13-47
38            android:launchMode="singleTop"
38-->src/main/AndroidManifest.xml:14:13-43
39            android:theme="@style/LaunchTheme"
39-->src/main/AndroidManifest.xml:15:13-47
40            android:windowSoftInputMode="adjustResize" >
40-->src/main/AndroidManifest.xml:18:13-55
41            <intent-filter>
41-->src/main/AndroidManifest.xml:19:13-22:29
42                <action android:name="android.intent.action.MAIN" />
42-->src/main/AndroidManifest.xml:20:17-68
42-->src/main/AndroidManifest.xml:20:25-66
43
44                <category android:name="android.intent.category.LAUNCHER" />
44-->src/main/AndroidManifest.xml:21:17-76
44-->src/main/AndroidManifest.xml:21:27-74
45            </intent-filter>
46        </activity>
47        <!--
48             Don't delete the meta-data below.
49             This is used by the Flutter tool to generate GeneratedPluginRegistrant.java
50        -->
51        <meta-data
51-->src/main/AndroidManifest.xml:26:9-28:36
52            android:name="flutterEmbedding"
52-->src/main/AndroidManifest.xml:27:13-44
53            android:value="true" />
53-->src/main/AndroidManifest.xml:28:13-33
54        <meta-data
54-->src/main/AndroidManifest.xml:29:9-110
55            android:name="com.baidu.lbsapi.API_KEY"
55-->src/main/AndroidManifest.xml:29:20-59
56            android:value="CF8CBup4lvtoRa04jFvRvBiljwqY0G4c" />
56-->src/main/AndroidManifest.xml:29:60-108
57        <!-- 声明service组件 -->
58        <service
58-->[:flutter_bmflocation] AndroidManifest.xml:31:9-34:41
59            android:name="com.baidu.location.f"
59-->[:flutter_bmflocation] AndroidManifest.xml:32:13-48
60            android:enabled="true"
60-->[:flutter_bmflocation] AndroidManifest.xml:33:13-35
61            android:process=":remote" />
61-->[:flutter_bmflocation] AndroidManifest.xml:34:13-38
62
63        <provider
63-->[:image_picker] AndroidManifest.xml:11:9-19:20
64            android:name="io.flutter.plugins.imagepicker.ImagePickerFileProvider"
64-->[:image_picker] AndroidManifest.xml:12:13-82
65            android:authorities="com.bigxia.thumbsir.flutter.image_provider"
65-->[:image_picker] AndroidManifest.xml:13:13-74
66            android:exported="false"
66-->[:image_picker] AndroidManifest.xml:14:13-37
67            android:grantUriPermissions="true" >
67-->[:image_picker] AndroidManifest.xml:15:13-47
68            <meta-data
68-->[:image_picker] AndroidManifest.xml:16:13-18:75
69                android:name="android.support.FILE_PROVIDER_PATHS"
69-->[:image_picker] AndroidManifest.xml:17:17-67
70                android:resource="@xml/flutter_image_picker_file_paths" />
70-->[:image_picker] AndroidManifest.xml:18:17-72
71        </provider>
72    </application>
73
74</manifest>